<?xml version="1.0" encoding="UTF-8"?>
<!-- Generated by org.testng.reporters.JUnitReportReporter -->
<testsuite hostname="DESKTOP-TUN0UMG" failures="0" tests="1" name="com.teklab.b7spotify.tests.ui.regression.register.SignUpTest" time="6.936" errors="0" timestamp="05 May 2022 08:18:47 GMT" skipped="0">
  <testcase classname="com.teklab.b7spotify.tests.ui.regression.register.SignUpTest" name="sporityTestCase" time="6.936"/>
</testsuite> <!-- com.teklab.b7spotify.tests.ui.regression.register.SignUpTest -->
